2021-02-04T08:56:34.182+0800 I CONTROL  [main] Automatically disabling TLS 1.0, to force-enable TLS 1.0 specify --sslDisabledProtocols 'none'
2021-02-04T08:56:34.196+0800 I CONTROL  [main] Trying to start Windows service 'MongoDB'
2021-02-04T08:56:34.198+0800 I CONTROL  [initandlisten] MongoDB starting : pid=4392 port=27017 dbpath=E:\前端学习之路\BlogProject\model\db 64-bit host=RTOG593R4QEGUI2
2021-02-04T08:56:34.198+0800 I CONTROL  [initandlisten] targetMinOS: Windows 7/Windows Server 2008 R2
2021-02-04T08:56:34.198+0800 I CONTROL  [initandlisten] db version v4.0.20
2021-02-04T08:56:34.198+0800 I CONTROL  [initandlisten] git version: e2416422da84a0b63cde2397d60b521758b56d1b
2021-02-04T08:56:34.198+0800 I CONTROL  [initandlisten] allocator: tcmalloc
2021-02-04T08:56:34.199+0800 I CONTROL  [initandlisten] modules: none
2021-02-04T08:56:34.199+0800 I CONTROL  [initandlisten] build environment:
2021-02-04T08:56:34.199+0800 I CONTROL  [initandlisten]     distmod: 2008plus-ssl
2021-02-04T08:56:34.199+0800 I CONTROL  [initandlisten]     distarch: x86_64
2021-02-04T08:56:34.199+0800 I CONTROL  [initandlisten]     target_arch: x86_64
2021-02-04T08:56:34.199+0800 I CONTROL  [initandlisten] options: { security: { authorization: "enabled" }, service: true, storage: { dbPath: "E:\前端学习之路\BlogProject\model\db" }, systemLog: { destination: "file", path: "E:\前端学习之路\BlogProject\model\mongod.log" } }
2021-02-04T08:56:34.209+0800 I STORAGE  [initandlisten] Detected data files in E:\前端学习之路\BlogProject\model\db created by the 'wiredTiger' storage engine, so setting the active storage engine to 'wiredTiger'.
2021-02-04T08:56:34.209+0800 I STORAGE  [initandlisten] wiredtiger_open config: create,cache_size=1451M,cache_overflow=(file_max=0M),session_max=20000,eviction=(threads_min=4,threads_max=4),config_base=false,statistics=(fast),log=(enabled=true,archive=true,path=journal,compressor=snappy),file_manager=(close_idle_time=100000),statistics_log=(wait=0),verbose=(recovery_progress),
2021-02-04T08:56:34.388+0800 I STORAGE  [initandlisten] WiredTiger message [1612400194:388311][4392:140703672915280], txn-recover: Main recovery loop: starting at 15/217728 to 16/256
2021-02-04T08:56:34.503+0800 I STORAGE  [initandlisten] WiredTiger message [1612400194:503005][4392:140703672915280], txn-recover: Recovering log 15 through 16
2021-02-04T08:56:34.590+0800 I STORAGE  [initandlisten] WiredTiger message [1612400194:589807][4392:140703672915280], txn-recover: Recovering log 16 through 16
2021-02-04T08:56:34.653+0800 I STORAGE  [initandlisten] WiredTiger message [1612400194:653335][4392:140703672915280], txn-recover: Set global recovery timestamp: 0
2021-02-04T08:56:34.665+0800 I RECOVERY [initandlisten] WiredTiger recoveryTimestamp. Ts: Timestamp(0, 0)
2021-02-04T08:56:34.672+0800 I CONTROL  [initandlisten] 
2021-02-04T08:56:34.672+0800 I CONTROL  [initandlisten] ** WARNING: This server is bound to localhost.
2021-02-04T08:56:34.672+0800 I CONTROL  [initandlisten] **          Remote systems will be unable to connect to this server. 
2021-02-04T08:56:34.672+0800 I CONTROL  [initandlisten] **          Start the server with --bind_ip <address> to specify which IP 
2021-02-04T08:56:34.672+0800 I CONTROL  [initandlisten] **          addresses it should serve responses from, or with --bind_ip_all to
2021-02-04T08:56:34.672+0800 I CONTROL  [initandlisten] **          bind to all interfaces. If this behavior is desired, start the
2021-02-04T08:56:34.672+0800 I CONTROL  [initandlisten] **          server with --bind_ip 127.0.0.1 to disable this warning.
2021-02-04T08:56:34.672+0800 I CONTROL  [initandlisten] 
2021-02-04T08:56:34.683+0800 I SHARDING [initandlisten] Marking collection local.system.replset as collection version: <unsharded>
2021-02-04T08:56:34.691+0800 I SHARDING [initandlisten] Marking collection admin.system.roles as collection version: <unsharded>
2021-02-04T08:56:34.692+0800 I SHARDING [initandlisten] Marking collection admin.system.version as collection version: <unsharded>
2021-02-04T08:56:34.696+0800 I SHARDING [initandlisten] Marking collection local.startup_log as collection version: <unsharded>
2021-02-04T08:56:35.026+0800 I FTDC     [initandlisten] Initializing full-time diagnostic data capture with directory 'E:/前端学习之路/BlogProject/model/db/diagnostic.data'
2021-02-04T08:56:35.027+0800 I SHARDING [initandlisten] Marking collection admin.system.users as collection version: <unsharded>
2021-02-04T08:56:35.028+0800 I SHARDING [initandlisten] Marking collection blog.articles as collection version: <unsharded>
2021-02-04T08:56:35.028+0800 I SHARDING [initandlisten] Marking collection blog.comments as collection version: <unsharded>
2021-02-04T08:56:35.028+0800 I SHARDING [initandlisten] Marking collection blog.users as collection version: <unsharded>
2021-02-04T08:56:35.028+0800 I SHARDING [initandlisten] Marking collection config.system.sessions as collection version: <unsharded>
2021-02-04T08:56:35.030+0800 I SHARDING [LogicalSessionCacheReap] Marking collection config.transactions as collection version: <unsharded>
2021-02-04T08:56:35.031+0800 I NETWORK  [initandlisten] waiting for connections on port 27017
2021-02-04T08:56:35.031+0800 I STORAGE  [initandlisten] Service running
2021-02-04T08:56:36.004+0800 I SHARDING [ftdc] Marking collection local.oplog.rs as collection version: <unsharded>
2021-02-06T12:58:43.384+0800 I CONTROL  [serviceShutdown] got SERVICE_CONTROL_STOP request from Windows Service Control Manager, will terminate after current cmd ends
2021-02-06T12:58:43.390+0800 I REPL     [serviceShutdown] Stepping down the ReplicationCoordinator for shutdown, waitTime: 10000ms
2021-02-06T12:58:43.394+0800 I CONTROL  [serviceShutdown] Shutting down the LogicalSessionCache
2021-02-06T12:58:43.397+0800 I NETWORK  [serviceShutdown] shutdown: going to close listening sockets...
2021-02-06T12:58:43.400+0800 I NETWORK  [serviceShutdown] Shutting down the global connection pool
2021-02-06T12:58:43.401+0800 I STORAGE  [serviceShutdown] Shutting down the PeriodicThreadToAbortExpiredTransactions
2021-02-06T12:58:43.401+0800 I REPL     [serviceShutdown] Shutting down the ReplicationCoordinator
2021-02-06T12:58:43.401+0800 I SHARDING [serviceShutdown] Shutting down the ShardingInitializationMongoD
2021-02-06T12:58:43.401+0800 I COMMAND  [serviceShutdown] Killing all open transactions
2021-02-06T12:58:43.402+0800 I -        [serviceShutdown] Killing all operations for shutdown
2021-02-06T12:58:43.402+0800 I NETWORK  [serviceShutdown] Shutting down the ReplicaSetMonitor
2021-02-06T12:58:43.402+0800 I CONTROL  [serviceShutdown] Shutting down free monitoring
2021-02-06T12:58:43.403+0800 I CONTROL  [serviceShutdown] Shutting down free monitoring
2021-02-06T12:58:43.403+0800 I FTDC     [serviceShutdown] Shutting down full-time data capture
2021-02-06T12:58:43.403+0800 I FTDC     [serviceShutdown] Shutting down full-time diagnostic data capture
2021-02-06T12:58:43.416+0800 I STORAGE  [serviceShutdown] Shutting down the HealthLog
2021-02-06T12:58:43.417+0800 I STORAGE  [serviceShutdown] Shutting down the storage engine
2021-02-06T12:58:43.418+0800 I STORAGE  [serviceShutdown] WiredTigerKVEngine shutting down
2021-02-06T12:58:43.418+0800 I STORAGE  [serviceShutdown] Shutting down session sweeper thread
2021-02-06T12:58:43.418+0800 I STORAGE  [serviceShutdown] Finished shutting down session sweeper thread
2021-02-06T12:58:43.535+0800 I STORAGE  [serviceShutdown] shutdown: removing fs lock...
2021-02-06T12:58:43.535+0800 I -        [serviceShutdown] Dropping the scope cache for shutdown
2021-02-06T12:58:43.535+0800 I CONTROL  [serviceShutdown] now exiting
